<?xml version="1.0" encoding="UTF-8"?>
<!-- Generated by org.testng.reporters.JUnitXMLReporter -->
<testsuite hostname="Hala-samir" ignored="0" name="Default test" tests="0" failures="0" timestamp="29 Nov 2020 13:12:00 GMT" time="0.446" errors="0">
  <testcase name="@BeforeSuite StartDriver" time="4.199" classname="tests.TestBase">
    <failure type="org.openqa.selenium.SessionNotCreatedException" message="session not created: This version of ChromeDriver only supports Chrome version 84
Build info: version: &amp;apos;4.0.0-alpha-6&amp;apos;, revision: &amp;apos;5f43a29cfc&amp;apos;
System info: host: &amp;apos;HALA-SAMIR&amp;apos;, ip: &amp;apos;192.168.1.2&amp;apos;, os.name: &amp;apos;Windows 10&amp;apos;, os.arch: &amp;apos;amd64&amp;apos;, os.version: &amp;apos;10.0&amp;apos;, java.version: &amp;apos;1.8.0_261&amp;apos;
Driver info: driver.version: ChromeDriver
remote stacktrace: Backtrace:
	Ordinal0 [0x00C487E3+2852835]
	Ordinal0 [0x00B35BB1+1727409]
	Ordinal0 [0x00A0E4B9+517305]
	Ordinal0 [0x009A0BA0+68512]
	Ordinal0 [0x0099D3A0+54176]
	Ordinal0 [0x009BD9F7+186871]
	Ordinal0 [0x009BD7FD+186365]
	Ordinal0 [0x009BB70B+177931]
	Ordinal0 [0x009A2584+75140]
	Ordinal0 [0x009A3650+79440]
	Ordinal0 [0x009A35E9+79337]
	Ordinal0 [0x00B4AD5C+1813852]
	GetHandleVerifier [0x00D6C616+1075574]
	GetHandleVerifier [0x00D6C367+1074887]
	GetHandleVerifier [0x00D77497+1120247]
	GetHandleVerifier [0x00D6CC16+1077110]
	Ordinal0 [0x00B43206+1782278]
	Ordinal0 [0x00B4C3BB+1819579]
	Ordinal0 [0x00B4C523+1819939]
	Ordinal0 [0x00B62B45+1911621]
	BaseThreadInitThunk [0x759F0419+25]
	RtlGetAppContainerNamedObjectPath [0x77E674ED+237]
	RtlGetAppContainerNamedObjectPath [0x77E674BD+189]
">
      <![CDATA[org.openqa.selenium.SessionNotCreatedException: session not created: This version of ChromeDriver only supports Chrome version 84
Build info: version: '4.0.0-alpha-6', revision: '5f43a29cfc'
System info: host: 'HALA-SAMIR', ip: '192.168.1.2', os.name: 'Windows 10', os.arch: 'amd64', os.version: '10.0', java.version: '1.8.0_261'
Driver info: driver.version: ChromeDriver
remote stacktrace: Backtrace:
Ordinal0 [0x00C487E3+2852835]
Ordinal0 [0x00B35BB1+1727409]
Ordinal0 [0x00A0E4B9+517305]
Ordinal0 [0x009A0BA0+68512]
Ordinal0 [0x0099D3A0+54176]
Ordinal0 [0x009BD9F7+186871]
Ordinal0 [0x009BD7FD+186365]
Ordinal0 [0x009BB70B+177931]
Ordinal0 [0x009A2584+75140]
Ordinal0 [0x009A3650+79440]
Ordinal0 [0x009A35E9+79337]
Ordinal0 [0x00B4AD5C+1813852]
GetHandleVerifier [0x00D6C616+1075574]
GetHandleVerifier [0x00D6C367+1074887]
GetHandleVerifier [0x00D77497+1120247]
GetHandleVerifier [0x00D6CC16+1077110]
Ordinal0 [0x00B43206+1782278]
Ordinal0 [0x00B4C3BB+1819579]
Ordinal0 [0x00B4C523+1819939]
Ordinal0 [0x00B62B45+1911621]
BaseThreadInitThunk [0x759F0419+25]
RtlGetAppContainerNamedObjectPath [0x77E674ED+237]
RtlGetAppContainerNamedObjectPath [0x77E674BD+189]

at sun.reflect.NativeConstructorAccessorImpl.newInstance0(Native Method)
at sun.reflect.NativeConstructorAccessorImpl.newInstance(Unknown Source)
at sun.reflect.DelegatingConstructorAccessorImpl.newInstance(Unknown Source)
at java.lang.reflect.Constructor.newInstance(Unknown Source)
at org.openqa.selenium.remote.W3CHandshakeResponse.lambda$errorHandler$0(W3CHandshakeResponse.java:62)
at org.openqa.selenium.remote.HandshakeResponse.lambda$getResponseFunction$0(HandshakeResponse.java:30)
at org.openqa.selenium.remote.ProtocolHandshake.lambda$createSession$1(ProtocolHandshake.java:126)
at java.util.stream.ReferencePipeline$3$1.accept(Unknown Source)
at java.util.Spliterators$ArraySpliterator.tryAdvance(Unknown Source)
at java.util.stream.ReferencePipeline.forEachWithCancel(Unknown Source)
at java.util.stream.AbstractPipeline.copyIntoWithCancel(Unknown Source)
at java.util.stream.AbstractPipeline.copyInto(Unknown Source)
at java.util.stream.AbstractPipeline.wrapAndCopyInto(Unknown Source)
at java.util.stream.FindOps$FindOp.evaluateSequential(Unknown Source)
at java.util.stream.AbstractPipeline.evaluate(Unknown Source)
at java.util.stream.ReferencePipeline.findFirst(Unknown Source)
at org.openqa.selenium.remote.ProtocolHandshake.createSession(ProtocolHandshake.java:128)
at org.openqa.selenium.remote.ProtocolHandshake.createSession(ProtocolHandshake.java:75)
at org.openqa.selenium.remote.HttpCommandExecutor.execute(HttpCommandExecutor.java:138)
at org.openqa.selenium.remote.service.DriverCommandExecutor.execute(DriverCommandExecutor.java:83)
at org.openqa.selenium.remote.RemoteWebDriver.execute(RemoteWebDriver.java:582)
at org.openqa.selenium.remote.RemoteWebDriver.startSession(RemoteWebDriver.java:216)
at org.openqa.selenium.remote.RemoteWebDriver.<init>(RemoteWebDriver.java:136)
at org.openqa.selenium.chromium.ChromiumDriver.<init>(ChromiumDriver.java:75)
at org.openqa.selenium.chrome.ChromeDriver.<init>(ChromeDriver.java:163)
at org.openqa.selenium.chrome.ChromeDriver.<init>(ChromeDriver.java:150)
at org.openqa.selenium.chrome.ChromeDriver.<init>(ChromeDriver.java:139)
at tests.TestBase.StartDriver(TestBase.java:68)
at sun.reflect.NativeMethodAccessorImpl.invoke0(Native Method)
at sun.reflect.NativeMethodAccessorImpl.invoke(Unknown Source)
at sun.reflect.DelegatingMethodAccessorImpl.invoke(Unknown Source)
at java.lang.reflect.Method.invoke(Unknown Source)
at org.testng.internal.MethodInvocationHelper.invokeMethod(MethodInvocationHelper.java:124)
at org.testng.internal.MethodInvocationHelper.invokeMethodConsideringTimeout(MethodInvocationHelper.java:59)
at org.testng.internal.Invoker.invokeConfigurationMethod(Invoker.java:458)
at org.testng.internal.Invoker.invokeConfigurations(Invoker.java:222)
at org.testng.internal.Invoker.invokeConfigurations(Invoker.java:142)
at org.testng.SuiteRunner.privateRun(SuiteRunner.java:401)
at org.testng.SuiteRunner.run(SuiteRunner.java:364)
at org.testng.SuiteRunnerWorker.runSuite(SuiteRunnerWorker.java:52)
at org.testng.SuiteRunnerWorker.run(SuiteRunnerWorker.java:84)
at org.testng.TestNG.runSuitesSequentially(TestNG.java:1208)
at org.testng.TestNG.runSuitesLocally(TestNG.java:1137)
at org.testng.TestNG.runSuites(TestNG.java:1049)
at org.testng.TestNG.run(TestNG.java:1017)
at org.testng.remote.AbstractRemoteTestNG.run(AbstractRemoteTestNG.java:115)
at org.testng.remote.RemoteTestNG.initAndRun(RemoteTestNG.java:251)
at org.testng.remote.RemoteTestNG.main(RemoteTestNG.java:77)
]]>
    </failure>
  </testcase> <!-- @BeforeSuite StartDriver -->
</testsuite> <!-- Default test -->
